2017-08-26 09:59:03.219 [main] INFO  io.egreen.apistudio.bootstrap.ApiStudio - API-STUDIO STARTED...
2017-08-26 09:59:03.249 [main] DEBUG org.jboss.logging - Logging Provider: org.jboss.logging.Log4j2LoggerProvider
2017-08-26 09:59:03.255 [main] INFO  org.jboss.weld.Version - WELD-000900: 3.0.0 (Alpha16)
2017-08-26 09:59:03.395 [main] DEBUG org.jboss.weld.Bootstrap - WELD-ENV-000030: Cannot load class using the ResourceLoader: org.jboss.jandex.Index
2017-08-26 09:59:03.501 [main] DEBUG org.jboss.weld.environment.deployment.discovery.DefaultBeanArchiveScanner - Resolved bean archive reference: /home/dewmal/.gradle/caches/modules-2/files-2.1/org.glassfish.jersey.ext.cdi/jersey-weld2-se/2.23.1/a6ceb9a9eecf27009706591bf495cd6dc31d8128/jersey-weld2-se-2.23.1.jar for URL: jar:file:/home/dewmal/.gradle/caches/modules-2/files-2.1/org.glassfish.jersey.ext.cdi/jersey-weld2-se/2.23.1/a6ceb9a9eecf27009706591bf495cd6dc31d8128/jersey-weld2-se-2.23.1.jar!/META-INF/beans.xml
2017-08-26 09:59:03.503 [main] DEBUG org.jboss.weld.Bootstrap - WELD-ENV-000032: Processing bean archive reference: /home/dewmal/.gradle/caches/modules-2/files-2.1/org.glassfish.jersey.ext.cdi/jersey-weld2-se/2.23.1/a6ceb9a9eecf27009706591bf495cd6dc31d8128/jersey-weld2-se-2.23.1.jar
2017-08-26 09:59:03.504 [main] DEBUG org.jboss.weld.environment.deployment.discovery.FileSystemBeanArchiveHandler - Handle path: /home/dewmal/.gradle/caches/modules-2/files-2.1/org.glassfish.jersey.ext.cdi/jersey-weld2-se/2.23.1/a6ceb9a9eecf27009706591bf495cd6dc31d8128/jersey-weld2-se-2.23.1.jar
2017-08-26 09:59:03.504 [main] DEBUG org.jboss.weld.environment.deployment.discovery.FileSystemBeanArchiveHandler - Handle archive file: /home/dewmal/.gradle/caches/modules-2/files-2.1/org.glassfish.jersey.ext.cdi/jersey-weld2-se/2.23.1/a6ceb9a9eecf27009706591bf495cd6dc31d8128/jersey-weld2-se-2.23.1.jar
2017-08-26 09:59:03.505 [main] DEBUG org.jboss.weld.Bootstrap - WELD-ENV-000039: Bean archive reference /home/dewmal/.gradle/caches/modules-2/files-2.1/org.glassfish.jersey.ext.cdi/jersey-weld2-se/2.23.1/a6ceb9a9eecf27009706591bf495cd6dc31d8128/jersey-weld2-se-2.23.1.jar handled by org.jboss.weld.environment.deployment.discovery.FileSystemBeanArchiveHandler@6a400542
2017-08-26 09:59:03.518 [main] DEBUG org.jboss.weld.Bootstrap - WELD-ENV-002004: Scanning package io.egreen.nightking.api.manager, class resource: file:/home/dewmal/projects/InHouse/KnightKingProcessManager/api-manager/out/production/classes/io/egreen/nightking/api/manager/ApiManagerMain.class
2017-08-26 09:59:03.519 [main] DEBUG org.jboss.weld.Bootstrap - WELD-ENV-002004: Scanning package io.egreen.apistudio.bootstrap, class resource: jar:file:/home/dewmal/.gradle/caches/modules-2/files-2.1/io.egreen.apistudio/bootstrap/0.1.5/af725ed6bb8055fc7589c3ba694c354420d89eaf/bootstrap-0.1.5.jar!/io/egreen/apistudio/bootstrap/ApiStudio.class
2017-08-26 09:59:03.526 [main] DEBUG org.jboss.weld.Bootstrap - WELD-ENV-000024: Archive isolation enabled - creating multiple isolated bean archives if needed
2017-08-26 09:59:03.556 [main] DEBUG org.jboss.weld.Configuration - WELD-001906: ResourceLoader not specified for WeldBeanDeploymentArchive [id=org.jboss.weld.environment.deployment.WeldDeployment.synthetic], file properties will not be loaded
2017-08-26 09:59:03.557 [main] DEBUG org.jboss.weld.Configuration - WELD-001906: ResourceLoader not specified for WeldBeanDeploymentArchive [id=org.jboss.weld.environment.deployment.WeldDeployment.synthetic], file properties will not be loaded
2017-08-26 09:59:03.559 [main] DEBUG org.jboss.weld.Configuration - WELD-001906: ResourceLoader not specified for WeldBeanDeploymentArchive [id=org.jboss.weld.environment.deployment.WeldDeployment.synthetic], file properties will not be loaded
2017-08-26 09:59:03.560 [main] DEBUG org.jboss.weld.Configuration - WELD-001906: ResourceLoader not specified for WeldBeanDeploymentArchive [id=org.jboss.weld.environment.deployment.WeldDeployment.synthetic], file properties will not be loaded
2017-08-26 09:59:03.563 [main] DEBUG org.jboss.weld.Configuration - WELD-001902: Configuration initialized: {EXECUTOR_THREAD_POOL_TYPE=COMMON, RELAXED_CONSTRUCTION=true}
2017-08-26 09:59:03.588 [main] DEBUG org.jboss.weld.Bootstrap - Using Weld modules: []
2017-08-26 09:59:03.615 [main] DEBUG org.jboss.weld.Bootstrap - Using instantiator: org.jboss.weld.bean.proxy.UnsafeProxyInstantiator
2017-08-26 09:59:03.698 [main] INFO  org.jboss.weld.Bootstrap - WELD-000101: Transactional services not available. Injection of @Inject UserTransaction not available. Transactional observers will be invoked synchronously.
2017-08-26 09:59:03.876 [main] DEBUG org.jboss.weld.Bootstrap - WELD-000106: Bean: WELD%AbstractBuiltInBean%deployment%ApplicationContext
2017-08-26 09:59:03.896 [main] DEBUG org.jboss.weld.Reflection - WELD-000601: interface javax.inject.Singleton is missing @Target. Weld will use this annotation, however this may make the application unportable.
2017-08-26 09:59:03.896 [main] DEBUG org.jboss.weld.Bootstrap - WELD-000106: Bean: WELD%AbstractBuiltInBean%deployment%SingletonContext
2017-08-26 09:59:03.899 [main] DEBUG org.jboss.weld.Bootstrap - WELD-000106: Bean: WELD%AbstractBuiltInBean%deployment%BoundSessionContext
2017-08-26 09:59:03.904 [main] DEBUG org.jboss.weld.Bootstrap - WELD-000106: Bean: WELD%AbstractBuiltInBean%deployment%BoundConversationContext
2017-08-26 09:59:03.909 [main] DEBUG org.jboss.weld.Bootstrap - WELD-000106: Bean: WELD%AbstractBuiltInBean%deployment%BoundRequestContext
2017-08-26 09:59:03.909 [main] DEBUG org.jboss.weld.Bootstrap - WELD-000106: Bean: WELD%AbstractBuiltInBean%deployment%RequestContext
2017-08-26 09:59:03.912 [main] DEBUG org.jboss.weld.Bootstrap - WELD-000106: Bean: WELD%AbstractBuiltInBean%deployment%DependentContext
2017-08-26 09:59:03.945 [main] DEBUG org.jboss.weld.Bootstrap - WELD-000106: Bean: Built-in Bean [javax.enterprise.inject.spi.BeanManager] with qualifiers [@Default]
2017-08-26 09:59:03.946 [main] DEBUG org.jboss.weld.Bootstrap - WELD-000106: Bean: Built-in Bean [org.jboss.weld.manager.BeanManagerImpl] with qualifiers [@Default]
2017-08-26 09:59:03.948 [main] DEBUG org.jboss.weld.Bootstrap - WELD-000106: Bean: Built-in Bean [javax.enterprise.inject.spi.BeanManager] with qualifiers [@Default]
2017-08-26 09:59:03.948 [main] DEBUG org.jboss.weld.Bootstrap - WELD-000106: Bean: Built-in Bean [org.jboss.weld.manager.BeanManagerImpl] with qualifiers [@Default]
2017-08-26 09:59:03.953 [main] DEBUG org.jboss.weld.Bootstrap - WELD-000106: Bean: Built-in Bean [javax.enterprise.inject.spi.BeanManager] with qualifiers [@Default]
2017-08-26 09:59:03.953 [main] DEBUG org.jboss.weld.Bootstrap - WELD-000106: Bean: Built-in Bean [org.jboss.weld.manager.BeanManagerImpl] with qualifiers [@Default]
2017-08-26 09:59:04.089 [main] DEBUG org.jboss.weld.Bootstrap - WELD-000106: Bean: Extension [class org.glassfish.jersey.ext.cdi1x.internal.CdiComponentProvider] with qualifiers [@Default]; jar:file:/home/dewmal/.gradle/caches/modules-2/files-2.1/org.glassfish.jersey.ext.cdi/jersey-cdi1x/2.23.1/661bf7dccb9221ea68ad758c5c1737c71017599d/jersey-cdi1x-2.23.1.jar!/META-INF/services/javax.enterprise.inject.spi.Extension@1[org.glassfish.jersey.ext.cdi1x.internal.CdiComponentProvider@52f27fbd]
2017-08-26 09:59:04.091 [main] INFO  org.jboss.weld.Event - WELD-000411: Observer method [BackedAnnotatedMethod] private org.glassfish.jersey.ext.cdi1x.internal.CdiComponentProvider.processAnnotatedType(@Observes ProcessAnnotatedType) receives events for all annotated types. Consider restricting events using @WithAnnotations or a generic type with bounds.
2017-08-26 09:59:04.120 [main] DEBUG org.jboss.weld.Bootstrap - WELD-000106: Bean: Extension [class org.jboss.weld.environment.se.WeldSEBeanRegistrant] with qualifiers [@Default]; jar:file:/home/dewmal/.gradle/caches/modules-2/files-2.1/org.jboss.weld.se/weld-se-core/3.0.0.Alpha16/6a130b85a4b056b5f4c149eee496034e8daff1f4/weld-se-core-3.0.0.Alpha16.jar!/META-INF/services/javax.enterprise.inject.spi.Extension@1[org.jboss.weld.environment.se.WeldSEBeanRegistrant@4d14b6c2]
2017-08-26 09:59:04.121 [main] DEBUG org.jboss.weld.Bootstrap - WELD-000106: Bean: Built-in Bean [javax.enterprise.inject.spi.BeanManager] with qualifiers [@Default]
2017-08-26 09:59:04.121 [main] DEBUG org.jboss.weld.Bootstrap - WELD-000106: Bean: Built-in Bean [org.jboss.weld.manager.BeanManagerImpl] with qualifiers [@Default]
2017-08-26 09:59:04.138 [main] WARN  org.jboss.weld.Bootstrap - WELD-000146: BeforeBeanDiscovery.addAnnotatedType(AnnotatedType<?>) used for class org.glassfish.jersey.ext.cdi1x.internal.CdiComponentProvider$JaxRsParamProducer is deprecated from CDI 1.1!
2017-08-26 09:59:04.161 [main] DEBUG org.jboss.weld.Bootstrap - WELD-000162: BeforeBeanDiscovery.addAnnotatedType() called by org.glassfish.jersey.ext.cdi1x.internal.CdiComponentProvider@52f27fbd for [BackedAnnotatedType] public static @ApplicationScoped class org.glassfish.jersey.ext.cdi1x.internal.CdiComponentProvider$JaxRsParamProducer
2017-08-26 09:59:04.162 [main] DEBUG org.jboss.weld.Bootstrap - WELD-000162: BeforeBeanDiscovery.addAnnotatedType() called by org.glassfish.jersey.ext.cdi1x.internal.CdiComponentProvider@52f27fbd for [BackedAnnotatedType] public static @ApplicationScoped class org.glassfish.jersey.ext.cdi1x.internal.CdiComponentProvider$JaxRsParamProducer
2017-08-26 09:59:04.172 [main] DEBUG org.jboss.weld.Bootstrap - WELD-000162: BeforeBeanDiscovery.addAnnotatedType() called by org.jboss.weld.environment.se.WeldSEBeanRegistrant@4d14b6c2 for [BackedAnnotatedType] public @Vetoed @ApplicationScoped class org.jboss.weld.environment.se.beans.ParametersFactory
2017-08-26 09:59:04.189 [main] DEBUG org.jboss.weld.Bootstrap - WELD-000162: BeforeBeanDiscovery.addAnnotatedType() called by org.jboss.weld.environment.se.WeldSEBeanRegistrant@4d14b6c2 for [BackedAnnotatedType] public @Vetoed @Deprecated class org.jboss.weld.environment.se.beans.InstanceManager
2017-08-26 09:59:04.194 [main] DEBUG org.jboss.weld.Bootstrap - WELD-000162: BeforeBeanDiscovery.addAnnotatedType() called by org.jboss.weld.environment.se.WeldSEBeanRegistrant@4d14b6c2 for [BackedAnnotatedType] public @Decorator class org.jboss.weld.environment.se.threading.RunnableDecorator
2017-08-26 09:59:04.200 [main] DEBUG org.jboss.weld.Bootstrap - WELD-000162: BeforeBeanDiscovery.addAnnotatedType() called by org.jboss.weld.environment.se.WeldSEBeanRegistrant@4d14b6c2 for [BackedAnnotatedType] public @Vetoed @Interceptor @ActivateRequestScope @Priority class org.jboss.weld.environment.se.contexts.interceptors.ActivateRequestScopeInterceptor
2017-08-26 09:59:04.202 [main] DEBUG org.jboss.weld.Bootstrap - WELD-000162: BeforeBeanDiscovery.addAnnotatedType() called by org.jboss.weld.environment.se.WeldSEBeanRegistrant@4d14b6c2 for [BackedAnnotatedType] public @Vetoed @Interceptor @ActivateThreadScope @Priority class org.jboss.weld.environment.se.contexts.interceptors.ActivateThreadScopeInterceptor
2017-08-26 09:59:04.318 [main] DEBUG org.jboss.weld.Bootstrap - WELD-000103: Enabled alternatives for Weld BeanManager for /home/dewmal/.gradle/caches/modules-2/files-2.1/org.glassfish.jersey.ext.cdi/jersey-weld2-se/2.23.1/a6ceb9a9eecf27009706591bf495cd6dc31d8128/jersey-weld2-se-2.23.1.jar [bean count=2]: 
  - class io.egreen.apistudio.bootstrap.provider.ApiStudioObjectMapperProvider,
  - class io.egreen.apistudio.bootstrap.filter.AuthFilter
2017-08-26 09:59:04.318 [main] DEBUG org.jboss.weld.Bootstrap - WELD-000104: Enabled decorator types for Weld BeanManager for /home/dewmal/.gradle/caches/modules-2/files-2.1/org.glassfish.jersey.ext.cdi/jersey-weld2-se/2.23.1/a6ceb9a9eecf27009706591bf495cd6dc31d8128/jersey-weld2-se-2.23.1.jar [bean count=2]: (empty collection)
2017-08-26 09:59:04.318 [main] DEBUG org.jboss.weld.Bootstrap - WELD-000105: Enabled interceptor types for Weld BeanManager for /home/dewmal/.gradle/caches/modules-2/files-2.1/org.glassfish.jersey.ext.cdi/jersey-weld2-se/2.23.1/a6ceb9a9eecf27009706591bf495cd6dc31d8128/jersey-weld2-se-2.23.1.jar [bean count=2]: 
  - class org.jboss.weld.environment.se.contexts.interceptors.ActivateRequestScopeInterceptor,
  - class org.jboss.weld.environment.se.contexts.interceptors.ActivateThreadScopeInterceptor
2017-08-26 09:59:04.318 [main] DEBUG org.jboss.weld.Bootstrap - WELD-000103: Enabled alternatives for Weld BeanManager for org.jboss.weld.environment.deployment.WeldDeployment.synthetic [bean count=2]: 
  - class io.egreen.apistudio.bootstrap.provider.ApiStudioObjectMapperProvider,
  - class io.egreen.apistudio.bootstrap.filter.AuthFilter
2017-08-26 09:59:04.318 [main] DEBUG org.jboss.weld.Bootstrap - WELD-000104: Enabled decorator types for Weld BeanManager for org.jboss.weld.environment.deployment.WeldDeployment.synthetic [bean count=2]: (empty collection)
2017-08-26 09:59:04.318 [main] DEBUG org.jboss.weld.Bootstrap - WELD-000105: Enabled interceptor types for Weld BeanManager for org.jboss.weld.environment.deployment.WeldDeployment.synthetic [bean count=2]: 
  - class org.jboss.weld.environment.se.contexts.interceptors.ActivateRequestScopeInterceptor,
  - class org.jboss.weld.environment.se.contexts.interceptors.ActivateThreadScopeInterceptor
2017-08-26 09:59:04.321 [main] DEBUG org.jboss.weld.Bootstrap - WELD-000103: Enabled alternatives for Weld BeanManager for org.jboss.weld.environment.deployment.WeldDeployment.additionalClasses [bean count=4]: 
  - class io.egreen.apistudio.bootstrap.provider.ApiStudioObjectMapperProvider,
  - class io.egreen.apistudio.bootstrap.filter.AuthFilter
2017-08-26 09:59:04.321 [main] DEBUG org.jboss.weld.Bootstrap - WELD-000104: Enabled decorator types for Weld BeanManager for org.jboss.weld.environment.deployment.WeldDeployment.additionalClasses [bean count=4]: (empty collection)
2017-08-26 09:59:04.321 [main] DEBUG org.jboss.weld.Bootstrap - WELD-000105: Enabled interceptor types for Weld BeanManager for org.jboss.weld.environment.deployment.WeldDeployment.additionalClasses [bean count=4]: 
  - class org.jboss.weld.environment.se.contexts.interceptors.ActivateRequestScopeInterceptor,
  - class org.jboss.weld.environment.se.contexts.interceptors.ActivateThreadScopeInterceptor
2017-08-26 09:59:04.439 [main] DEBUG org.jboss.weld.Bootstrap - WELD-000108: Decorator: Decorator [class org.jboss.weld.environment.se.threading.RunnableDecorator] decorates [Runnable] with delegate type [Runnable] and delegate qualifiers [@Default]
2017-08-26 09:59:04.440 [main] DEBUG org.jboss.weld.Bootstrap - WELD-000107: Interceptor: Interceptor [class org.jboss.weld.environment.se.contexts.interceptors.ActivateThreadScopeInterceptor intercepts @ActivateThreadScope]
2017-08-26 09:59:04.440 [main] DEBUG org.jboss.weld.Bootstrap - WELD-000107: Interceptor: Interceptor [class org.jboss.weld.environment.se.contexts.interceptors.ActivateRequestScopeInterceptor intercepts @ActivateRequestScope]
2017-08-26 09:59:04.482 [main] DEBUG org.jboss.weld.Bootstrap - WELD-000151: ProcessInjectionTarget.setInjectionTarget() called by org.glassfish.jersey.ext.cdi1x.internal.CdiComponentProvider@52f27fbd: InjectionTarget for Managed Bean [class org.glassfish.jersey.weld.se.WeldHk2LocatorManager] with qualifiers [@Any @Default] replaced by org.glassfish.jersey.ext.cdi1x.internal.CdiComponentProvider$7@16b2bb0c
2017-08-26 09:59:04.483 [main] DEBUG org.jboss.weld.Bootstrap - WELD-000106: Bean: Implicit Bean [javax.enterprise.inject.spi.Interceptor] with qualifiers [@Default]
2017-08-26 09:59:04.483 [main] DEBUG org.jboss.weld.Bootstrap - WELD-000106: Bean: Implicit Bean [javax.enterprise.inject.spi.Bean] with qualifiers [@Decorated]
2017-08-26 09:59:04.483 [main] DEBUG org.jboss.weld.Bootstrap - WELD-000106: Bean: WELD%AbstractBuiltInBean%/home/dewmal/.gradle/caches/modules-2/files-2.1/org.glassfish.jersey.ext.cdi/jersey-weld2-se/2.23.1/a6ceb9a9eecf27009706591bf495cd6dc31d8128/jersey-weld2-se-2.23.1.jar%BoundSessionContext
2017-08-26 09:59:04.483 [main] DEBUG org.jboss.weld.Bootstrap - WELD-000106: Bean: WELD%AbstractBuiltInBean%/home/dewmal/.gradle/caches/modules-2/files-2.1/org.glassfish.jersey.ext.cdi/jersey-weld2-se/2.23.1/a6ceb9a9eecf27009706591bf495cd6dc31d8128/jersey-weld2-se-2.23.1.jar%SingletonContext
2017-08-26 09:59:04.483 [main] DEBUG org.jboss.weld.Bootstrap - WELD-000106: Bean: WELD%AbstractBuiltInBean%/home/dewmal/.gradle/caches/modules-2/files-2.1/org.glassfish.jersey.ext.cdi/jersey-weld2-se/2.23.1/a6ceb9a9eecf27009706591bf495cd6dc31d8128/jersey-weld2-se-2.23.1.jar%ApplicationContext
2017-08-26 09:59:04.484 [main] DEBUG org.jboss.weld.Bootstrap - WELD-000106: Bean: Implicit Bean [javax.enterprise.inject.spi.EventMetadata] with qualifiers [@Default]
2017-08-26 09:59:04.484 [main] DEBUG org.jboss.weld.Bootstrap - WELD-000106: Bean: Implicit Bean [javax.enterprise.inject.spi.Decorator] with qualifiers [@Default]
2017-08-26 09:59:04.484 [main] DEBUG org.jboss.weld.Bootstrap - WELD-000106: Bean: Implicit Bean [javax.enterprise.inject.spi.InjectionPoint] with qualifiers [@Default]
2017-08-26 09:59:04.484 [main] DEBUG org.jboss.weld.Bootstrap - WELD-000106: Bean: Managed Bean [class org.glassfish.jersey.weld.se.WeldRequestScope] with qualifiers [@Any @Default]
2017-08-26 09:59:04.484 [main] DEBUG org.jboss.weld.Bootstrap - WELD-000106: Bean: Implicit Bean [javax.enterprise.inject.Instance] with qualifiers [@Default]
2017-08-26 09:59:04.484 [main] DEBUG org.jboss.weld.Bootstrap - WELD-000106: Bean: WELD%AbstractBuiltInBean%/home/dewmal/.gradle/caches/modules-2/files-2.1/org.glassfish.jersey.ext.cdi/jersey-weld2-se/2.23.1/a6ceb9a9eecf27009706591bf495cd6dc31d8128/jersey-weld2-se-2.23.1.jar%DependentContext
2017-08-26 09:59:04.484 [main] DEBUG org.jboss.weld.Bootstrap - WELD-000106: Bean: Implicit Bean [javax.enterprise.inject.spi.Bean] with qualifiers [@Intercepted]
2017-08-26 09:59:04.485 [main] DEBUG org.jboss.weld.Bootstrap - WELD-000106: Bean: WELD%AbstractBuiltInBean%/home/dewmal/.gradle/caches/modules-2/files-2.1/org.glassfish.jersey.ext.cdi/jersey-weld2-se/2.23.1/a6ceb9a9eecf27009706591bf495cd6dc31d8128/jersey-weld2-se-2.23.1.jar%BoundConversationContext
2017-08-26 09:59:04.485 [main] DEBUG org.jboss.weld.Bootstrap - WELD-000106: Bean: Managed Bean [class org.glassfish.jersey.weld.se.WeldHk2LocatorManager] with qualifiers [@Any @Default]
2017-08-26 09:59:04.485 [main] DEBUG org.jboss.weld.Bootstrap - WELD-000106: Bean: Implicit Bean [javax.enterprise.inject.spi.Bean] with qualifiers [@Default]
2017-08-26 09:59:04.485 [main] DEBUG org.jboss.weld.Bootstrap - WELD-000106: Bean: WELD%AbstractBuiltInBean%/home/dewmal/.gradle/caches/modules-2/files-2.1/org.glassfish.jersey.ext.cdi/jersey-weld2-se/2.23.1/a6ceb9a9eecf27009706591bf495cd6dc31d8128/jersey-weld2-se-2.23.1.jar%Conversation
2017-08-26 09:59:04.485 [main] DEBUG org.jboss.weld.Bootstrap - WELD-000106: Bean: WELD%AbstractBuiltInBean%/home/dewmal/.gradle/caches/modules-2/files-2.1/org.glassfish.jersey.ext.cdi/jersey-weld2-se/2.23.1/a6ceb9a9eecf27009706591bf495cd6dc31d8128/jersey-weld2-se-2.23.1.jar%BoundRequestContext
2017-08-26 09:59:04.485 [main] DEBUG org.jboss.weld.Bootstrap - WELD-000106: Bean: Implicit Bean [javax.enterprise.event.Event] with qualifiers [@Default]
2017-08-26 09:59:04.485 [main] DEBUG org.jboss.weld.Bootstrap - WELD-000106: Bean: WELD%AbstractBuiltInBean%/home/dewmal/.gradle/caches/modules-2/files-2.1/org.glassfish.jersey.ext.cdi/jersey-weld2-se/2.23.1/a6ceb9a9eecf27009706591bf495cd6dc31d8128/jersey-weld2-se-2.23.1.jar%RequestContext
2017-08-26 09:59:04.501 [main] DEBUG org.jboss.weld.Bootstrap - WELD-000151: ProcessInjectionTarget.setInjectionTarget() called by org.glassfish.jersey.ext.cdi1x.internal.CdiComponentProvider@52f27fbd: InjectionTarget for Managed Bean [class io.egreen.apistudio.bootstrap.provider.ApiStudioObjectMapperProvider] with qualifiers [@Any @Default] replaced by org.glassfish.jersey.ext.cdi1x.internal.CdiComponentProvider$8@327af41b
2017-08-26 09:59:04.507 [main] DEBUG org.jboss.weld.Bootstrap - WELD-000151: ProcessInjectionTarget.setInjectionTarget() called by org.glassfish.jersey.ext.cdi1x.internal.CdiComponentProvider@52f27fbd: InjectionTarget for Managed Bean [class io.egreen.apistudio.bootstrap.theme.ThymeleafViewProcessor] with qualifiers [@Any @Default] replaced by org.glassfish.jersey.ext.cdi1x.internal.CdiComponentProvider$8@2474f125
2017-08-26 09:59:04.533 [main] DEBUG org.jboss.weld.Bootstrap - WELD-000151: ProcessInjectionTarget.setInjectionTarget() called by org.glassfish.jersey.ext.cdi1x.internal.CdiComponentProvider@52f27fbd: InjectionTarget for Managed Bean [class io.egreen.nightking.api.manager.ApiManager] with qualifiers [@Any @Default] replaced by org.glassfish.jersey.ext.cdi1x.internal.CdiComponentProvider$8@63611043
2017-08-26 09:59:04.533 [main] DEBUG org.jboss.weld.Bootstrap - WELD-000151: ProcessInjectionTarget.setInjectionTarget() called by org.glassfish.jersey.ext.cdi1x.internal.CdiComponentProvider@52f27fbd: InjectionTarget for Managed Bean [class io.egreen.apistudio.bootstrap.filter.AuthFilter] with qualifiers [@Any @Default] replaced by org.glassfish.jersey.ext.cdi1x.internal.CdiComponentProvider$8@20ca951f
2017-08-26 09:59:04.573 [main] DEBUG org.jboss.weld.Bootstrap - WELD-000151: ProcessInjectionTarget.setInjectionTarget() called by org.glassfish.jersey.ext.cdi1x.internal.CdiComponentProvider@52f27fbd: InjectionTarget for Managed Bean [class io.egreen.apistudio.bootstrap.filter.CORSResponseFilter] with qualifiers [@Any @Default] replaced by org.glassfish.jersey.ext.cdi1x.internal.CdiComponentProvider$8@73302995
2017-08-26 09:59:04.578 [main] DEBUG org.jboss.weld.Bootstrap - WELD-000106: Bean: Managed Bean [class io.egreen.apistudio.bootstrap.provider.ObjectIdSerializerModule] with qualifiers [@Any @Default]
2017-08-26 09:59:04.579 [main] DEBUG org.jboss.weld.Bootstrap - WELD-000106: Bean: Managed Bean [class io.egreen.apistudio.bootstrap.module.ModuleIntergrator] with qualifiers [@Any @Default]
2017-08-26 09:59:04.579 [main] DEBUG org.jboss.weld.Bootstrap - WELD-000106: Bean: Managed Bean [class io.egreen.apistudio.bootstrap.websocket.MessageDecoder] with qualifiers [@Any @Default]
2017-08-26 09:59:04.580 [main] DEBUG org.jboss.weld.Bootstrap - WELD-000106: Bean: Managed Bean [class io.egreen.apistudio.bootstrap.websocket.WebsocketConfigurator] with qualifiers [@Any @Default]
2017-08-26 09:59:04.580 [main] DEBUG org.jboss.weld.Bootstrap - WELD-000106: Bean: Managed Bean [class io.egreen.apistudio.bootstrap.processors.JaxRsAnnotationProcessor] with qualifiers [@Any @Default]
2017-08-26 09:59:04.580 [main] DEBUG org.jboss.weld.Bootstrap - WELD-000106: Bean: Managed Bean [class io.egreen.apistudio.bootstrap.ApiStudioApplication] with qualifiers [@Any @Default]
2017-08-26 09:59:04.580 [main] DEBUG org.jboss.weld.Bootstrap - WELD-000106: Bean: Implicit Bean [javax.enterprise.inject.spi.Bean] with qualifiers [@Intercepted]
2017-08-26 09:59:04.580 [main] DEBUG org.jboss.weld.Bootstrap - WELD-000106: Bean: Managed Bean [class io.egreen.apistudio.bootstrap.ApiStudio$SETTINGS] with qualifiers [@Any @Default]
2017-08-26 09:59:04.581 [main] DEBUG org.jboss.weld.Bootstrap - WELD-000106: Bean: Managed Bean [class io.egreen.apistudio.bootstrap.provider.ApiStudioObjectMapperProvider] with qualifiers [@Any @Default]
2017-08-26 09:59:04.581 [main] DEBUG org.jboss.weld.Bootstrap - WELD-000106: Bean: WELD%AbstractBuiltInBean%org.jboss.weld.environment.deployment.WeldDeployment.synthetic%BoundRequestContext
2017-08-26 09:59:04.582 [main] DEBUG org.jboss.weld.Bootstrap - WELD-000106: Bean: Managed Bean [class io.egreen.apistudio.bootstrap.theme.ThymeleafViewProcessor] with qualifiers [@Any @Default]
2017-08-26 09:59:04.582 [main] DEBUG org.jboss.weld.Bootstrap - WELD-000106: Bean: WELD%AbstractBuiltInBean%org.jboss.weld.environment.deployment.WeldDeployment.synthetic%ApplicationContext
2017-08-26 09:59:04.584 [main] DEBUG org.jboss.weld.Bootstrap - WELD-000106: Bean: Managed Bean [class io.egreen.nightking.api.manager.ApiManager] with qualifiers [@Any @Default]
2017-08-26 09:59:04.584 [main] DEBUG org.jboss.weld.Bootstrap - WELD-000106: Bean: Managed Bean [class io.egreen.apistudio.bootstrap.filter.AuthFilter] with qualifiers [@Any @Default]
2017-08-26 09:59:04.584 [main] DEBUG org.jboss.weld.Bootstrap - WELD-000106: Bean: Managed Bean [class io.egreen.apistudio.bootstrap.module.ModulRegistar] with qualifiers [@Any @Default]
2017-08-26 09:59:04.584 [main] DEBUG org.jboss.weld.Bootstrap - WELD-000106: Bean: Implicit Bean [javax.enterprise.inject.Instance] with qualifiers [@Default]
2017-08-26 09:59:04.584 [main] DEBUG org.jboss.weld.Bootstrap - WELD-000106: Bean: Managed Bean [class io.egreen.apistudio.bootstrap.ext.SwaggerBootstrap] with qualifiers [@Any @Default]
2017-08-26 09:59:04.584 [main] DEBUG org.jboss.weld.Bootstrap - WELD-000106: Bean: Managed Bean [class io.egreen.apistudio.bootstrap.ApiStudio] with qualifiers [@Any @Default]
2017-08-26 09:59:04.585 [main] DEBUG org.jboss.weld.Bootstrap - WELD-000106: Bean: Implicit Bean [javax.enterprise.inject.spi.Decorator] with qualifiers [@Default]
2017-08-26 09:59:04.585 [main] DEBUG org.jboss.weld.Bootstrap - WELD-000106: Bean: Managed Bean [class io.egreen.apistudio.bootstrap.auth.BasicAuth] with qualifiers [@Any @Default]
2017-08-26 09:59:04.585 [main] DEBUG org.jboss.weld.Bootstrap - WELD-000106: Bean: Managed Bean [class io.egreen.apistudio.bootstrap.response.ResponseModel$ResponseModelBuilder] with qualifiers [@Any @Default]
2017-08-26 09:59:04.585 [main] DEBUG org.jboss.weld.Bootstrap - WELD-000106: Bean: Implicit Bean [javax.enterprise.event.Event] with qualifiers [@Default]
2017-08-26 09:59:04.585 [main] DEBUG org.jboss.weld.Bootstrap - WELD-000106: Bean: Managed Bean [class io.egreen.apistudio.bootstrap.config.processor.AnnotationFilterService] with qualifiers [@Any @Default]
2017-08-26 09:59:04.589 [main] DEBUG org.jboss.weld.Bootstrap - WELD-000106: Bean: Managed Bean [class io.egreen.apistudio.bootstrap.ApiStudioContext] with qualifiers [@Any @Default]
2017-08-26 09:59:04.590 [main] DEBUG org.jboss.weld.Bootstrap - WELD-000106: Bean: Managed Bean [class io.egreen.apistudio.bootstrap.auth.User] with qualifiers [@Any @Default]
2017-08-26 09:59:04.590 [main] DEBUG org.jboss.weld.Bootstrap - WELD-000106: Bean: Managed Bean [class io.egreen.apistudio.bootstrap.response.ResponseModel] with qualifiers [@Any @Default]
2017-08-26 09:59:04.590 [main] DEBUG org.jboss.weld.Bootstrap - WELD-000106: Bean: Managed Bean [class io.egreen.apistudio.bootstrap.document.SwaggerModule] with qualifiers [@Any @Default]
2017-08-26 09:59:04.591 [main] DEBUG org.jboss.weld.Bootstrap - WELD-000106: Bean: Implicit Bean [javax.enterprise.inject.spi.Bean] with qualifiers [@Decorated]
2017-08-26 09:59:04.592 [main] DEBUG org.jboss.weld.Bootstrap - WELD-000106: Bean: WELD%AbstractBuiltInBean%org.jboss.weld.environment.deployment.WeldDeployment.synthetic%BoundSessionContext
2017-08-26 09:59:04.592 [main] DEBUG org.jboss.weld.Bootstrap - WELD-000106: Bean: WELD%AbstractBuiltInBean%org.jboss.weld.environment.deployment.WeldDeployment.synthetic%BoundConversationContext
2017-08-26 09:59:04.593 [main] DEBUG org.jboss.weld.Bootstrap - WELD-000106: Bean: WELD%AbstractBuiltInBean%org.jboss.weld.environment.deployment.WeldDeployment.synthetic%RequestContext
2017-08-26 09:59:04.593 [main] DEBUG org.jboss.weld.Bootstrap - WELD-000106: Bean: WELD%AbstractBuiltInBean%org.jboss.weld.environment.deployment.WeldDeployment.synthetic%Conversation
2017-08-26 09:59:04.594 [main] DEBUG org.jboss.weld.Bootstrap - WELD-000106: Bean: Managed Bean [class io.egreen.nightking.api.manager.ApiManagerMain] with qualifiers [@Any @Default]
2017-08-26 09:59:04.594 [main] DEBUG org.jboss.weld.Bootstrap - WELD-000106: Bean: Implicit Bean [javax.enterprise.inject.spi.EventMetadata] with qualifiers [@Default]
2017-08-26 09:59:04.594 [main] DEBUG org.jboss.weld.Bootstrap - WELD-000106: Bean: Implicit Bean [javax.enterprise.inject.spi.InjectionPoint] with qualifiers [@Default]
2017-08-26 09:59:04.594 [main] DEBUG org.jboss.weld.Bootstrap - WELD-000106: Bean: Managed Bean [class io.egreen.apistudio.bootstrap.ApiStudioServer] with qualifiers [@Any @Default]
2017-08-26 09:59:04.594 [main] DEBUG org.jboss.weld.Bootstrap - WELD-000106: Bean: Managed Bean [class io.egreen.apistudio.bootstrap.filter.CORSResponseFilter] with qualifiers [@Any @Default]
2017-08-26 09:59:04.594 [main] DEBUG org.jboss.weld.Bootstrap - WELD-000106: Bean: WELD%AbstractBuiltInBean%org.jboss.weld.environment.deployment.WeldDeployment.synthetic%DependentContext
2017-08-26 09:59:04.594 [main] DEBUG org.jboss.weld.Bootstrap - WELD-000106: Bean: Implicit Bean [javax.enterprise.inject.spi.Bean] with qualifiers [@Default]
2017-08-26 09:59:04.594 [main] DEBUG org.jboss.weld.Bootstrap - WELD-000106: Bean: Implicit Bean [javax.enterprise.inject.spi.Interceptor] with qualifiers [@Default]
2017-08-26 09:59:04.594 [main] DEBUG org.jboss.weld.Bootstrap - WELD-000106: Bean: WELD%AbstractBuiltInBean%org.jboss.weld.environment.deployment.WeldDeployment.synthetic%SingletonContext
2017-08-26 09:59:04.595 [main] DEBUG org.jboss.weld.Bootstrap - WELD-000106: Bean: Managed Bean [class io.egreen.apistudio.bootstrap.rest.RestComponentInitializer] with qualifiers [@Any @Default]
2017-08-26 09:59:04.601 [main] DEBUG org.jboss.weld.Bootstrap - WELD-000106: Bean: Managed Bean [class io.egreen.apistudio.bootstrap.auth.AuthenticationThirdParty] with qualifiers [@Any @Default]
2017-08-26 09:59:04.605 [main] DEBUG org.jboss.weld.Bootstrap - WELD-000151: ProcessInjectionTarget.setInjectionTarget() called by org.glassfish.jersey.ext.cdi1x.internal.CdiComponentProvider@52f27fbd: InjectionTarget for Managed Bean [class org.glassfish.jersey.ext.cdi1x.internal.CdiComponentProvider$JaxRsParamProducer] with qualifiers [@Any @Default] replaced by org.glassfish.jersey.ext.cdi1x.internal.CdiComponentProvider$7@1838ccb8
2017-08-26 09:59:04.605 [main] DEBUG org.jboss.weld.Bootstrap - WELD-000106: Bean: Managed Bean [class org.jboss.weld.environment.se.beans.InstanceManager] with qualifiers [@Any @Default]
2017-08-26 09:59:04.605 [main] DEBUG org.jboss.weld.Bootstrap - WELD-000106: Bean: WELD%AbstractBuiltInBean%org.jboss.weld.environment.deployment.WeldDeployment.additionalClasses%DependentContext
2017-08-26 09:59:04.605 [main] DEBUG org.jboss.weld.Bootstrap - WELD-000106: Bean: Implicit Bean [javax.enterprise.inject.spi.Bean] with qualifiers [@Decorated]
2017-08-26 09:59:04.605 [main] DEBUG org.jboss.weld.Bootstrap - WELD-000106: Bean: WELD%AbstractBuiltInBean%org.jboss.weld.environment.deployment.WeldDeployment.additionalClasses%BoundConversationContext
2017-08-26 09:59:04.605 [main] DEBUG org.jboss.weld.Bootstrap - WELD-000106: Bean: Implicit Bean [javax.enterprise.inject.spi.Bean] with qualifiers [@Intercepted]
2017-08-26 09:59:04.605 [main] DEBUG org.jboss.weld.Bootstrap - WELD-000106: Bean: Implicit Bean [javax.enterprise.inject.spi.Bean] with qualifiers [@Default]
2017-08-26 09:59:04.605 [main] DEBUG org.jboss.weld.Bootstrap - WELD-000106: Bean: WELD%AbstractBuiltInBean%org.jboss.weld.environment.deployment.WeldDeployment.additionalClasses%BoundSessionContext
2017-08-26 09:59:04.605 [main] DEBUG org.jboss.weld.Bootstrap - WELD-000106: Bean: WELD%AbstractBuiltInBean%org.jboss.weld.environment.deployment.WeldDeployment.additionalClasses%ApplicationContext
2017-08-26 09:59:04.605 [main] DEBUG org.jboss.weld.Bootstrap - WELD-000106: Bean: WELD%AbstractBuiltInBean%org.jboss.weld.environment.deployment.WeldDeployment.additionalClasses%RequestContext
2017-08-26 09:59:04.605 [main] DEBUG org.jboss.weld.Bootstrap - WELD-000106: Bean: Implicit Bean [javax.enterprise.inject.spi.Decorator] with qualifiers [@Default]
2017-08-26 09:59:04.606 [main] DEBUG org.jboss.weld.Bootstrap - WELD-000106: Bean: Implicit Bean [javax.enterprise.event.Event] with qualifiers [@Default]
2017-08-26 09:59:04.606 [main] DEBUG org.jboss.weld.Bootstrap - WELD-000106: Bean: Implicit Bean [javax.enterprise.inject.spi.InjectionPoint] with qualifiers [@Default]
2017-08-26 09:59:04.606 [main] DEBUG org.jboss.weld.Bootstrap - WELD-000106: Bean: Managed Bean [class org.jboss.weld.environment.se.beans.ParametersFactory] with qualifiers [@Any @Default]
2017-08-26 09:59:04.606 [main] DEBUG org.jboss.weld.Bootstrap - WELD-000106: Bean: WELD%AbstractBuiltInBean%org.jboss.weld.environment.deployment.WeldDeployment.additionalClasses%Conversation
2017-08-26 09:59:04.606 [main] DEBUG org.jboss.weld.Bootstrap - WELD-000106: Bean: Producer Method [String[]] with qualifiers [@Parameters @Any] declared as [[UnbackedAnnotatedMethod] @Produces @Parameters public org.jboss.weld.environment.se.beans.ParametersFactory.getArgsAsArray()]
2017-08-26 09:59:04.606 [main] DEBUG org.jboss.weld.Bootstrap - WELD-000106: Bean: Producer Method [List<String>] with qualifiers [@Parameters @Any] declared as [[UnbackedAnnotatedMethod] @Produces @Parameters public org.jboss.weld.environment.se.beans.ParametersFactory.getArgs()]
2017-08-26 09:59:04.607 [main] DEBUG org.jboss.weld.Bootstrap - WELD-000106: Bean: Implicit Bean [javax.enterprise.inject.spi.Interceptor] with qualifiers [@Default]
2017-08-26 09:59:04.607 [main] DEBUG org.jboss.weld.Bootstrap - WELD-000106: Bean: Implicit Bean [javax.enterprise.inject.Instance] with qualifiers [@Default]
2017-08-26 09:59:04.607 [main] DEBUG org.jboss.weld.Bootstrap - WELD-000106: Bean: Producer Method [String] with qualifiers [@JaxRsParamQualifier @Any] declared as [[UnbackedAnnotatedMethod] @Produces @JaxRsParamQualifier public org.glassfish.jersey.ext.cdi1x.internal.CdiComponentProvider$JaxRsParamProducer.getParameterValue(InjectionPoint, BeanManager)]
2017-08-26 09:59:04.607 [main] DEBUG org.jboss.weld.Bootstrap - WELD-000106: Bean: Implicit Bean [javax.enterprise.inject.spi.EventMetadata] with qualifiers [@Default]
2017-08-26 09:59:04.607 [main] DEBUG org.jboss.weld.Bootstrap - WELD-000106: Bean: WELD%AbstractBuiltInBean%org.jboss.weld.environment.deployment.WeldDeployment.additionalClasses%BoundRequestContext
2017-08-26 09:59:04.607 [main] DEBUG org.jboss.weld.Bootstrap - WELD-000106: Bean: Managed Bean [class org.glassfish.jersey.ext.cdi1x.internal.CdiComponentProvider$JaxRsParamProducer] with qualifiers [@Any @Default]
2017-08-26 09:59:04.607 [main] DEBUG org.jboss.weld.Bootstrap - WELD-000106: Bean: WELD%AbstractBuiltInBean%org.jboss.weld.environment.deployment.WeldDeployment.additionalClasses%SingletonContext
2017-08-26 09:59:04.620 [main] DEBUG org.jboss.weld.Bootstrap - WELD-000156: AfterBeanDiscovery.addContext() called by org.jboss.weld.environment.se.WeldSEBeanRegistrant@4d14b6c2 for org.jboss.weld.environment.se.contexts.ThreadContext@4ebff610
2017-08-26 09:59:04.644 [main] DEBUG org.jboss.weld.Bootstrap - WELD-000106: Bean: Immutable Builder Bean [class org.jboss.weld.environment.se.WeldSEBeanRegistrant, types: WeldContainer, Object, qualifiers: @Any @Default]
2017-08-26 09:59:04.859 [main] DEBUG org.jboss.weld.Bootstrap - WELD-000100: Weld initialized. Validating beans
2017-08-26 09:59:04.988 [main] DEBUG org.jboss.weld.Reflection - WELD-000620: interface javax.enterprise.inject.Decorated is not declared @Target(METHOD, FIELD, PARAMETER, TYPE). Weld will use this annotation, however this may make the application unportable.
2017-08-26 09:59:04.989 [main] DEBUG org.jboss.weld.Reflection - WELD-000620: interface javax.enterprise.inject.Intercepted is not declared @Target(METHOD, FIELD, PARAMETER, TYPE). Weld will use this annotation, however this may make the application unportable.
2017-08-26 09:59:04.991 [main] INFO  org.jboss.weld.Bootstrap - WELD-ENV-002003: Weld SE container STATIC_INSTANCE initialized
2017-08-26 09:59:05.180 [main] INFO  io.egreen.apistudio.bootstrap.ApiStudioApplication - Start all components...
2017-08-26 09:59:05.210 [main] INFO  io.egreen.apistudio.bootstrap.ApiStudioServer - Working server..
2017-08-26 09:59:05.297 [main] INFO  io.egreen.apistudio.bootstrap.ApiStudioServer - Execution time is 2.08600 seconds
2017-08-26 09:59:06.160 [main] INFO  io.egreen.apistudio.bootstrap.ApiStudioServer - [class io.egreen.nightking.api.manager.ApiManagerMain]
2017-08-26 09:59:06.466 [main] INFO  io.egreen.apistudio.bootstrap.ApiStudioServer - starting on http://0.0.0.0:2568//api
2017-08-26 09:59:06.596 [main] INFO  io.egreen.apistudio.bootstrap.ApiStudioServer - Press CTRL^C to exit..
2017-08-26 11:02:32.662 [shutdownHook] INFO  io.egreen.apistudio.bootstrap.ApiStudioServer - Stopping server..
2017-08-26 11:02:32.662 [shutdownHook] INFO  io.egreen.apistudio.bootstrap.ApiStudioServer - Execution time is 3809.45100 seconds
